<?xml version="1.0" encoding="UTF-8"?>
<testsuite name="tungsten.types.numerics.impl.RepeatingDecimalTest" tests="4" skipped="0" failures="0" errors="0" timestamp="2022-09-28T03:45:27" hostname="tarquin-XPS-9320" time="0.028">
  <properties/>
  <testcase name="cycleLength()" classname="tungsten.types.numerics.impl.RepeatingDecimalTest" time="0.02"/>
  <testcase name="cycleStart()" classname="tungsten.types.numerics.impl.RepeatingDecimalTest" time="0.0"/>
  <testcase name="testToString()" classname="tungsten.types.numerics.impl.RepeatingDecimalTest" time="0.005"/>
  <testcase name="testEquivalence()" classname="tungsten.types.numerics.impl.RepeatingDecimalTest" time="0.001"/>
  <system-out><![CDATA[]]></system-out>
  <system-err><![CDATA[]]></system-err>
</testsuite>
